<?xml version="1.0" encoding="UTF-8"?>
<!-- Generated by org.testng.reporters.JUnitReportReporter -->
<testsuite hostname="LAPTOP-8EPSLGPA" failures="0" tests="1" name="testNG_Study.First_TestNG_Class" time="6.453" errors="0" timestamp="2023-12-18T17:00:40 IST" skipped="0">
  <testcase classname="testNG_Study.First_TestNG_Class" name="sample" time="6.453"/>
</testsuite> <!-- testNG_Study.First_TestNG_Class -->
