<?xml version="1.0" encoding="UTF-8"?>
<!-- Generated by org.testng.reporters.JUnitReportReporter -->
<testsuite hostname="LAPTOP-8EPSLGPA" failures="0" tests="1" name="serialAndParallel.Flipkart" time="23.597" errors="0" timestamp="2023-12-26T12:16:05 IST" skipped="0">
  <testcase classname="serialAndParallel.Flipkart" name="flipkartTest" time="23.597"/>
</testsuite> <!-- serialAndParallel.Flipkart -->
