<?xml version="1.0" encoding="UTF-8"?>
<!-- Generated by org.testng.reporters.JUnitReportReporter -->
<testsuite hostname="LAPTOP-8EPSLGPA" failures="0" tests="2" name="crossBrowserTesting.ChromeBTesting" time="70.313" errors="0" timestamp="2023-12-27T14:47:34 IST" skipped="0">
  <testcase classname="crossBrowserTesting.ChromeBTesting" name="openChromeB" time="46.061"/>
  <testcase classname="crossBrowserTesting.ChromeBTesting" name="openChromeB" time="24.252"/>
</testsuite> <!-- crossBrowserTesting.ChromeBTesting -->
