<?xml version="1.0" encoding="UTF-8"?>
<!-- Generated by org.testng.reporters.JUnitReportReporter -->
<testsuite hostname="LAPTOP-8EPSLGPA" failures="0" tests="2" name="testNGAnnotations.TestClass2" time="0.005" errors="0" timestamp="2023-12-19T23:22:41 IST" skipped="0">
  <testcase classname="testNGAnnotations.TestClass2" name="TC3" time="0.003">
    <system-out>
      <![CDATA[Running TC3]]>
    </system-out>
  </testcase> <!-- TC3 -->
  <testcase classname="testNGAnnotations.TestClass2" name="TC4" time="0.002">
    <system-out>
      <![CDATA[Running TC4]]>
    </system-out>
  </testcase> <!-- TC4 -->
  <system-out>
    <![CDATA[Before suite is running
Before test is running
Before class is running
Before method is running
Running TC1
After method is running
Before method is running
Running TC2
After method is running
After class is running
Before class is running
Before method is running
Running TC3
After method is running
Before method is running
Running TC4
After method is running
After class is running
After test is running
After suite is running]]>
  </system-out>
</testsuite> <!-- testNGAnnotations.TestClass2 -->
