<?xml version="1.0" encoding="UTF-8"?>
<!-- Generated by org.testng.reporters.JUnitReportReporter -->
<testsuite hostname="LAPTOP-8EPSLGPA" failures="0" tests="1" name="testNGAssertions.UseAssertEquals" time="0.015" errors="0" timestamp="2023-12-27T15:02:38 IST" skipped="0">
  <testcase classname="testNGAssertions.UseAssertEquals" name="f" time="0.015"/>
</testsuite> <!-- testNGAssertions.UseAssertEquals -->
