<?xml version="1.0" encoding="UTF-8"?>
<!-- Generated by org.testng.reporters.JUnitReportReporter -->
<testsuite hostname="LAPTOP-8EPSLGPA" failures="0" tests="3" name="testNG_Study.TestNGEg3" time="21.739" errors="0" timestamp="2023-12-18T16:12:36 IST" skipped="0">
  <testcase classname="testNG_Study.TestNGEg3" name="AmazonLaunch" time="14.152">
    <system-out>
      <![CDATA[Amazon Launching]]>
    </system-out>
  </testcase> <!-- AmazonLaunch -->
  <testcase classname="testNG_Study.TestNGEg3" name="fbLaunch" time="3.552">
    <system-out>
      <![CDATA[FB Launching]]>
    </system-out>
  </testcase> <!-- fbLaunch -->
  <testcase classname="testNG_Study.TestNGEg3" name="twitterLaunch" time="4.035">
    <system-out>
      <![CDATA[Twitter Launching]]>
    </system-out>
  </testcase> <!-- twitterLaunch -->
  <system-out>
    <![CDATA[Amazon Launching
FB Launching
Twitter Launching]]>
  </system-out>
</testsuite> <!-- testNG_Study.TestNGEg3 -->
