<?xml version="1.0" encoding="UTF-8"?>
<!-- Generated by org.testng.reporters.JUnitReportReporter -->
<testsuite hostname="LAPTOP-8EPSLGPA" failures="0" tests="1" name="testNGxmlUse.Studyxml2" time="0.010" errors="0" timestamp="2023-12-25T18:45:00 IST" skipped="0">
  <testcase classname="testNGxmlUse.Studyxml2" name="TC6" time="0.010">
    <system-out>
      <![CDATA[TC 6 is running]]>
    </system-out>
  </testcase> <!-- TC6 -->
  <system-out>
    <![CDATA[TC 6 is running
TC 1 is running
TC 3 is running
TC 4 is running]]>
  </system-out>
</testsuite> <!-- testNGxmlUse.Studyxml2 -->
