<?xml version="1.0" encoding="UTF-8"?>
<!-- Generated by org.testng.reporters.JUnitReportReporter -->
<testsuite hostname="LAPTOP-8EPSLGPA" failures="0" tests="1" name="testNGAssertions.UseOfAssertNullAndNotNull" time="0.010" errors="0" timestamp="2023-12-26T13:33:15 IST" skipped="0">
  <testcase classname="testNGAssertions.UseOfAssertNullAndNotNull" name="f" time="0.010"/>
</testsuite> <!-- testNGAssertions.UseOfAssertNullAndNotNull -->
