<?xml version="1.0" encoding="UTF-8"?>
<!-- Generated by org.testng.reporters.JUnitReportReporter -->
<testsuite hostname="LAPTOP-8EPSLGPA" failures="0" tests="1" name="assignment.UseofFireFoxDriver" time="20.111" errors="0" timestamp="2023-12-26T13:56:27 IST" skipped="0">
  <testcase classname="assignment.UseofFireFoxDriver" name="f" time="20.111"/>
</testsuite> <!-- assignment.UseofFireFoxDriver -->
