<?xml version="1.0" encoding="UTF-8"?>
<!-- Generated by org.testng.reporters.JUnitReportReporter -->
<testsuite hostname="LAPTOP-8EPSLGPA" failures="0" tests="1" name="testNG_Study.TestNGEg2" time="0.014" errors="0" timestamp="2023-12-18T17:03:10 IST" skipped="0">
  <testcase classname="testNG_Study.TestNGEg2" name="Sample2" time="0.014">
    <system-out>
      <![CDATA[Hi this is Reporter, without boolean parameter
Hi this is Reporter, with boolean parameter]]>
    </system-out>
  </testcase> <!-- Sample2 -->
  <system-out>
    <![CDATA[Hi this is Reporter, without boolean parameter
Hi this is Reporter, with boolean parameter]]>
  </system-out>
</testsuite> <!-- testNG_Study.TestNGEg2 -->
