<?xml version="1.0" encoding="UTF-8"?>
<!-- Generated by org.testng.reporters.JUnitReportReporter -->
<testsuite hostname="LAPTOP-8EPSLGPA" failures="0" tests="1" name="coverFoxUsingTestNG.CF_TC555_Validate_search_results_for_healthcare_policies" time="22.919" errors="0" timestamp="2024-01-04T14:47:27 IST" skipped="0">
  <testcase classname="coverFoxUsingTestNG.CF_TC555_Validate_search_results_for_healthcare_policies" name="validateTestPlansFromTextAndBanners" time="22.919">
    <system-out>
      <![CDATA[Fetching number of results from text
Fetching number of results from banners
TC is passed]]>
    </system-out>
  </testcase> <!-- validateTestPlansFromTextAndBanners -->
  <system-out>
    <![CDATA[Opening browser
clicking on gender button
clicking on next button
Handeling age drop down
clicking on next button
Entering pin code
Entering mobile num
clicking on continue button
Fetching number of results from text
Fetching number of results from banners
TC is passed
Closing browser]]>
  </system-out>
</testsuite> <!-- coverFoxUsingTestNG.CF_TC555_Validate_search_results_for_healthcare_policies -->
