<?xml version="1.0" encoding="UTF-8"?>
<!-- Generated by org.testng.reporters.JUnitReportReporter -->
<testsuite hostname="LAPTOP-8EPSLGPA" failures="0" tests="5" name="testNGKeyWords.MixedKeyWords" time="0.015" errors="0" timestamp="2023-12-20T23:18:47 IST" skipped="0">
  <testcase classname="testNGKeyWords.MixedKeyWords" name="c" time="0.001">
    <system-out>
      <![CDATA[TC c is running]]>
    </system-out>
  </testcase> <!-- c -->
  <testcase classname="testNGKeyWords.MixedKeyWords" name="b" time="0.001">
    <system-out>
      <![CDATA[TC b is running]]>
    </system-out>
  </testcase> <!-- b -->
  <testcase classname="testNGKeyWords.MixedKeyWords" name="a" time="0.011">
    <system-out>
      <![CDATA[TC a is running]]>
    </system-out>
  </testcase> <!-- a -->
  <testcase classname="testNGKeyWords.MixedKeyWords" name="d" time="0.001">
    <system-out>
      <![CDATA[TC d is running]]>
    </system-out>
  </testcase> <!-- d -->
  <testcase classname="testNGKeyWords.MixedKeyWords" name="d" time="0.001">
    <system-out>
      <![CDATA[TC d is running]]>
    </system-out>
  </testcase> <!-- d -->
  <system-out>
    <![CDATA[TC a is running
TC b is running
TC d is running
TC d is running
TC c is running]]>
  </system-out>
</testsuite> <!-- testNGKeyWords.MixedKeyWords -->
