<?xml version="1.0" encoding="UTF-8"?>
<!-- Generated by org.testng.reporters.JUnitReportReporter -->
<testsuite hostname="LAPTOP-8EPSLGPA" failures="0" tests="2" name="testNGAnnotations.Use_Of_Before_Method" time="0.027" errors="0" timestamp="2023-12-18T23:09:17 IST" skipped="0">
  <testcase classname="testNGAnnotations.Use_Of_Before_Method" name="Method2" time="0.003">
    <system-out>
      <![CDATA[Method 2]]>
    </system-out>
  </testcase> <!-- Method2 -->
  <testcase classname="testNGAnnotations.Use_Of_Before_Method" name="Method1" time="0.024">
    <system-out>
      <![CDATA[Method 1]]>
    </system-out>
  </testcase> <!-- Method1 -->
  <system-out>
    <![CDATA[Login is done
Method 1
Logout is done
Login is done
Method 2
Logout is done]]>
  </system-out>
</testsuite> <!-- testNGAnnotations.Use_Of_Before_Method -->
