<?xml version="1.0" encoding="UTF-8"?>
<!-- Generated by org.testng.reporters.JUnitReportReporter -->
<testsuite hostname="LAPTOP-8EPSLGPA" failures="0" tests="4" name="testNGKeyWords.EnablesUse" time="0.020" errors="0" timestamp="2023-12-20T22:59:23 IST" skipped="0">
  <testcase classname="testNGKeyWords.EnablesUse" name="c" time="0.002">
    <system-out>
      <![CDATA[TC c is running]]>
    </system-out>
  </testcase> <!-- c -->
  <testcase classname="testNGKeyWords.EnablesUse" name="a" time="0.014">
    <system-out>
      <![CDATA[TC a is running]]>
    </system-out>
  </testcase> <!-- a -->
  <testcase classname="testNGKeyWords.EnablesUse" name="b" time="0.002">
    <system-out>
      <![CDATA[TC b is running]]>
    </system-out>
  </testcase> <!-- b -->
  <testcase classname="testNGKeyWords.EnablesUse" name="d" time="0.002">
    <system-out>
      <![CDATA[TC d is running]]>
    </system-out>
  </testcase> <!-- d -->
  <system-out>
    <![CDATA[TC a is running
TC b is running
TC c is running
TC d is running]]>
  </system-out>
</testsuite> <!-- testNGKeyWords.EnablesUse -->
