<?xml version="1.0" encoding="UTF-8"?>
<!-- Generated by org.testng.reporters.JUnitReportReporter -->
<testsuite hostname="LAPTOP-8EPSLGPA" failures="0" tests="3" name="testNGKeyWords.DependsOnMethods" time="0.229" errors="0" timestamp="2023-12-20T23:10:53 IST" skipped="0">
  <testcase classname="testNGKeyWords.DependsOnMethods" name="discount" time="0.003">
    <system-out>
      <![CDATA[discount is used]]>
    </system-out>
  </testcase> <!-- discount -->
  <testcase classname="testNGKeyWords.DependsOnMethods" name="payment" time="0.003">
    <system-out>
      <![CDATA[Payment done]]>
    </system-out>
  </testcase> <!-- payment -->
  <testcase classname="testNGKeyWords.DependsOnMethods" name="couponCode" time="0.223">
    <system-out>
      <![CDATA[40% discount is done]]>
    </system-out>
  </testcase> <!-- couponCode -->
  <system-out>
    <![CDATA[40% discount is done
Payment done
discount is used]]>
  </system-out>
</testsuite> <!-- testNGKeyWords.DependsOnMethods -->
