<?xml version="1.0" encoding="UTF-8"?>
<!-- Generated by org.testng.reporters.JUnitReportReporter -->
<testsuite hostname="LAPTOP-8EPSLGPA" failures="0" tests="2" name="testNGAnnotations.UseOfBeforeAndAfterClass" time="0.012" errors="0" timestamp="2023-12-18T23:34:44 IST" skipped="0">
  <testcase classname="testNGAnnotations.UseOfBeforeAndAfterClass" name="TC2" time="0.003">
    <system-out>
      <![CDATA[TC 2 is running]]>
    </system-out>
  </testcase> <!-- TC2 -->
  <testcase classname="testNGAnnotations.UseOfBeforeAndAfterClass" name="TC1" time="0.009">
    <system-out>
      <![CDATA[TC 1 is running]]>
    </system-out>
  </testcase> <!-- TC1 -->
  <system-out>
    <![CDATA[BeforeClass method is running
Before method is running
TC 1 is running
After method is running
Before method is running
TC 2 is running
After method is running
AfterClass method is running]]>
  </system-out>
</testsuite> <!-- testNGAnnotations.UseOfBeforeAndAfterClass -->
