<?xml version="1.0" encoding="UTF-8"?>
<!-- Generated by org.testng.reporters.JUnitReportReporter -->
<testsuite hostname="LAPTOP-8EPSLGPA" failures="0" tests="3" name="testNGxmlUse.Studyxml" time="0.003" errors="0" timestamp="2023-12-25T18:45:00 IST" skipped="0">
  <testcase classname="testNGxmlUse.Studyxml" name="TC1" time="0.001">
    <system-out>
      <![CDATA[TC 1 is running]]>
    </system-out>
  </testcase> <!-- TC1 -->
  <testcase classname="testNGxmlUse.Studyxml" name="TC4" time="0.001">
    <system-out>
      <![CDATA[TC 4 is running]]>
    </system-out>
  </testcase> <!-- TC4 -->
  <testcase classname="testNGxmlUse.Studyxml" name="TC3" time="0.001">
    <system-out>
      <![CDATA[TC 3 is running]]>
    </system-out>
  </testcase> <!-- TC3 -->
  <system-out>
    <![CDATA[TC 6 is running
TC 1 is running
TC 3 is running
TC 4 is running]]>
  </system-out>
</testsuite> <!-- testNGxmlUse.Studyxml -->
