<?xml version="1.0" encoding="UTF-8"?>
<!-- Generated by org.testng.reporters.JUnitReportReporter -->
<testsuite hostname="LAPTOP-8EPSLGPA" failures="0" tests="1" name="testNGAssertions.UseAssertTrueFalse" time="0.011" errors="0" timestamp="2023-12-26T13:28:37 IST" skipped="0">
  <testcase classname="testNGAssertions.UseAssertTrueFalse" name="checkStatus" time="0.011"/>
</testsuite> <!-- testNGAssertions.UseAssertTrueFalse -->
