<?xml version="1.0" encoding="UTF-8"?>
<!-- Generated by org.testng.reporters.JUnitReportReporter -->
<testsuite hostname="LAPTOP-8EPSLGPA" failures="0" tests="2" name="dataProvider.FBAccountForm" time="24.707" errors="0" timestamp="2023-12-27T13:51:24 IST" skipped="0">
  <testcase classname="dataProvider.FBAccountForm" name="fbTest" time="12.247"/>
  <testcase classname="dataProvider.FBAccountForm" name="fbTest" time="12.460"/>
</testsuite> <!-- dataProvider.FBAccountForm -->
