<?xml version="1.0" encoding="UTF-8"?>
<!-- Generated by org.testng.reporters.JUnitReportReporter -->
<testsuite hostname="LAPTOP-8EPSLGPA" failures="0" tests="1" name="dataProvider.FBAccountDataUsingXML" time="11.717" errors="0" timestamp="2023-12-27T14:02:13 IST" skipped="0">
  <testcase classname="dataProvider.FBAccountDataUsingXML" name="fbTest" time="11.717"/>
</testsuite> <!-- dataProvider.FBAccountDataUsingXML -->
