<?xml version="1.0" encoding="UTF-8"?>
<!-- Generated by org.testng.reporters.JUnitReportReporter -->
<testsuite hostname="LAPTOP-8EPSLGPA" failures="0" tests="4" name="testNGKeyWords.UseOfPriority" time="0.017" errors="0" timestamp="2023-12-19T23:52:32 IST" skipped="0">
  <testcase classname="testNGKeyWords.UseOfPriority" name="d" time="0.012">
    <system-out>
      <![CDATA[TC d is running]]>
    </system-out>
  </testcase> <!-- d -->
  <testcase classname="testNGKeyWords.UseOfPriority" name="b" time="0.002">
    <system-out>
      <![CDATA[TC b is running]]>
    </system-out>
  </testcase> <!-- b -->
  <testcase classname="testNGKeyWords.UseOfPriority" name="a" time="0.002">
    <system-out>
      <![CDATA[TC a is running]]>
    </system-out>
  </testcase> <!-- a -->
  <testcase classname="testNGKeyWords.UseOfPriority" name="c" time="0.001">
    <system-out>
      <![CDATA[TC c is running]]>
    </system-out>
  </testcase> <!-- c -->
  <system-out>
    <![CDATA[TC d is running
TC b is running
TC a is running
TC c is running]]>
  </system-out>
</testsuite> <!-- testNGKeyWords.UseOfPriority -->
