<?xml version="1.0" encoding="UTF-8"?>
<!-- Generated by org.testng.reporters.JUnitReportReporter -->
<testsuite hostname="LAPTOP-8EPSLGPA" failures="0" tests="1" name="serialAndParallel.Ajio" time="26.908" errors="0" timestamp="2023-12-26T12:16:05 IST" skipped="0">
  <testcase classname="serialAndParallel.Ajio" name="ajioTest" time="26.908"/>
</testsuite> <!-- serialAndParallel.Ajio -->
