<?xml version="1.0" encoding="UTF-8"?>
<!-- Generated by org.testng.reporters.JUnitReportReporter -->
<testsuite hostname="LAPTOP-8EPSLGPA" failures="0" tests="1" name="coverFoxTest.CF_002Validate_Pincode_Error_Msg" time="12.421" errors="0" timestamp="2024-01-08T15:20:23 IST" skipped="0">
  <testcase classname="coverFoxTest.CF_002Validate_Pincode_Error_Msg" name="validate_Pincode_ErrorMsg" time="12.421">
    <system-out>
      <![CDATA[validate_Pincode_ErrorMsg execution is started
Validating Pincode Error Msg
TC IS Passed
validate_Pincode_ErrorMsg is completed successfully]]>
    </system-out>
  </testcase> <!-- validate_Pincode_ErrorMsg -->
  <system-out>
    <![CDATA[Launching Browser
Reading data from excel sheet
Reading data from excel sheet
validate_Pincode_ErrorMsg execution is started
Validating Pincode Error Msg
TC IS Passed
validate_Pincode_ErrorMsg is completed successfully
Closing Browser]]>
  </system-out>
</testsuite> <!-- coverFoxTest.CF_002Validate_Pincode_Error_Msg -->
