<?xml version="1.0" encoding="UTF-8"?>
<!-- Generated by org.testng.reporters.JUnitReportReporter -->
<testsuite hostname="LAPTOP-8EPSLGPA" failures="0" tests="5" name="testNGKeyWords.UseofInvocationCount" time="0.018" errors="0" timestamp="2023-12-20T00:04:13 IST" skipped="0">
  <testcase classname="testNGKeyWords.UseofInvocationCount" name="a" time="0.002">
    <system-out>
      <![CDATA[TC a is running]]>
    </system-out>
  </testcase> <!-- a -->
  <testcase classname="testNGKeyWords.UseofInvocationCount" name="c" time="0.001">
    <system-out>
      <![CDATA[TC c is running]]>
    </system-out>
  </testcase> <!-- c -->
  <testcase classname="testNGKeyWords.UseofInvocationCount" name="a" time="0.011">
    <system-out>
      <![CDATA[TC a is running]]>
    </system-out>
  </testcase> <!-- a -->
  <testcase classname="testNGKeyWords.UseofInvocationCount" name="a" time="0.002">
    <system-out>
      <![CDATA[TC a is running]]>
    </system-out>
  </testcase> <!-- a -->
  <testcase classname="testNGKeyWords.UseofInvocationCount" name="b" time="0.002">
    <system-out>
      <![CDATA[TC b is running]]>
    </system-out>
  </testcase> <!-- b -->
  <system-out>
    <![CDATA[TC a is running
TC a is running
TC a is running
TC b is running
TC c is running]]>
  </system-out>
</testsuite> <!-- testNGKeyWords.UseofInvocationCount -->
