<?xml version="1.0" encoding="UTF-8"?>
<!-- Generated by org.testng.reporters.JUnitReportReporter -->
<testsuite hostname="LAPTOP-8EPSLGPA" failures="0" tests="1" name="testNGKeyWords.TimeOutUse" time="4.029" errors="0" timestamp="2023-12-20T22:45:58 IST" skipped="0">
  <testcase classname="testNGKeyWords.TimeOutUse" name="payment" time="4.029">
    <system-out>
      <![CDATA[Payment done successfully]]>
    </system-out>
  </testcase> <!-- payment -->
  <system-out>
    <![CDATA[Payment done successfully]]>
  </system-out>
</testsuite> <!-- testNGKeyWords.TimeOutUse -->
